<?xml version="1.0" encoding="UTF-8"?><testsuite errors="1" failures="0" name="com.tests.api.Test4ApiChecklist" skipped="0" tests="1" time="9.71" timestamp="2021-09-07 01:40:37"><testcase classname="com.tests.api.Test4ApiChecklist" name="Test checklist"><error type="java.lang.NullPointerException"/><system-err>null&#13;
com.steps.api.CardApiSteps.verifyChecklistItemIsPresent(CardApiSteps.java:108)&#13;
com.tests.api.Test4ApiChecklist.testChecklist(Test4ApiChecklist.java:24)&#13;
</system-err></testcase></testsuite>